2024-05-12 12:26:11,048 - ERROR - An error occurred while saving image: unknown file extension: 
2024-05-12 12:26:11,336 - ERROR - An error occurred while saving image: unknown file extension: 
2024-05-12 12:26:20,203 - ERROR - An error occurred while saving image: unknown file extension: 
2024-05-12 12:26:20,341 - ERROR - An error occurred while saving image: unknown file extension: 
2024-05-12 12:26:33,248 - ERROR - An error occurred while saving image: unknown file extension: 
2024-05-12 12:26:33,387 - ERROR - An error occurred while saving image: unknown file extension: 
2024-05-12 12:26:41,575 - ERROR - An error occurred while saving image: unknown file extension: 
2024-05-12 12:26:41,702 - ERROR - An error occurred while saving image: unknown file extension: 
2024-05-12 12:26:51,067 - ERROR - An error occurred while saving image: unknown file extension: 
2024-05-12 12:26:51,204 - ERROR - An error occurred while saving image: unknown file extension: 
2024-05-12 12:27:00,012 - ERROR - An error occurred while saving image: unknown file extension: 
2024-05-12 12:27:00,143 - ERROR - An error occurred while saving image: unknown file extension: 
2024-05-12 12:27:08,732 - ERROR - An error occurred while saving image: unknown file extension: 
2024-05-12 12:27:08,880 - ERROR - An error occurred while saving image: unknown file extension: 
2024-05-12 12:27:16,966 - ERROR - An error occurred while saving image: unknown file extension: 
2024-05-12 12:27:17,108 - ERROR - An error occurred while saving image: unknown file extension: 
2024-05-12 12:27:26,296 - ERROR - An error occurred while saving image: unknown file extension: 
2024-05-12 12:27:26,432 - ERROR - An error occurred while saving image: unknown file extension: 
2024-05-12 12:27:35,386 - ERROR - An error occurred while saving image: unknown file extension: 
2024-05-12 12:27:35,514 - ERROR - An error occurred while saving image: unknown file extension: 
2024-05-12 12:27:44,108 - ERROR - An error occurred while saving image: unknown file extension: 
2024-05-12 12:27:44,251 - ERROR - An error occurred while saving image: unknown file extension: 
2024-05-12 12:27:52,800 - ERROR - An error occurred while saving image: unknown file extension: 
2024-05-12 12:27:52,925 - ERROR - An error occurred while saving image: unknown file extension: 
2024-05-12 12:28:01,510 - ERROR - An error occurred while saving image: unknown file extension: 
2024-05-12 12:28:01,637 - ERROR - An error occurred while saving image: unknown file extension: 
2024-05-12 12:28:10,096 - ERROR - An error occurred while saving image: unknown file extension: 
2024-05-12 12:28:10,222 - ERROR - An error occurred while saving image: unknown file extension: 
2024-05-12 12:28:19,164 - ERROR - An error occurred while saving image: unknown file extension: 
2024-05-12 12:28:19,288 - ERROR - An error occurred while saving image: unknown file extension: 
2024-05-12 12:28:28,012 - ERROR - An error occurred while saving image: unknown file extension: 
2024-05-12 12:28:28,127 - ERROR - An error occurred while saving image: unknown file extension: 
2024-05-12 12:28:36,825 - ERROR - An error occurred while saving image: unknown file extension: 
2024-05-12 12:28:36,963 - ERROR - An error occurred while saving image: unknown file extension: 
2024-05-12 12:28:46,077 - ERROR - An error occurred while saving image: unknown file extension: 
2024-05-12 12:28:46,229 - ERROR - An error occurred while saving image: unknown file extension: 
2024-05-12 12:28:54,388 - ERROR - An error occurred while saving image: unknown file extension: 
2024-05-12 12:28:54,522 - ERROR - An error occurred while saving image: unknown file extension: 
2024-05-12 12:29:07,527 - ERROR - An error occurred while saving image: unknown file extension: 
2024-05-12 12:29:07,832 - ERROR - An error occurred while saving image: unknown file extension: 
2024-05-12 12:29:08,079 - ERROR - An error occurred while saving image: unknown file extension: 
2024-05-12 12:29:08,365 - ERROR - An error occurred while saving image: unknown file extension: 
2024-05-12 12:29:08,615 - ERROR - An error occurred while saving image: unknown file extension: 
2024-05-12 12:29:08,856 - ERROR - An error occurred while saving image: unknown file extension: 
2024-05-12 12:29:09,113 - ERROR - An error occurred while saving image: unknown file extension: 
2024-05-12 12:29:09,354 - ERROR - An error occurred while saving image: unknown file extension: 
2024-05-12 12:29:09,579 - ERROR - An error occurred while saving image: unknown file extension: 
2024-05-12 12:29:09,825 - ERROR - An error occurred while saving image: unknown file extension: 
2024-05-12 12:29:10,010 - ERROR - An error occurred while saving image: unknown file extension: 
2024-05-12 12:29:10,198 - ERROR - An error occurred while saving image: unknown file extension: 
2024-05-12 12:29:10,419 - ERROR - An error occurred while saving image: unknown file extension: 
2024-05-12 12:29:10,657 - ERROR - An error occurred while saving image: unknown file extension: 
2024-05-12 12:29:10,921 - ERROR - An error occurred while saving image: unknown file extension: 
2024-05-12 12:29:11,149 - ERROR - An error occurred while saving image: unknown file extension: 
2024-05-12 12:29:11,382 - ERROR - An error occurred while saving image: unknown file extension: 
2024-05-12 12:29:26,334 - ERROR - An error occurred while saving image: unknown file extension: 
2024-05-12 12:29:26,455 - ERROR - An error occurred while saving image: unknown file extension: 
2024-05-12 12:29:34,871 - ERROR - An error occurred while saving image: unknown file extension: 
2024-05-12 12:29:35,035 - ERROR - An error occurred while saving image: unknown file extension: 
2024-05-12 12:29:43,298 - ERROR - An error occurred while saving image: unknown file extension: 
2024-05-12 12:29:43,429 - ERROR - An error occurred while saving image: unknown file extension: 
2024-05-12 12:29:51,581 - ERROR - An error occurred while saving image: unknown file extension: 
2024-05-12 12:29:51,697 - ERROR - An error occurred while saving image: unknown file extension: 
2024-05-12 12:30:00,106 - ERROR - An error occurred while saving image: unknown file extension: 
2024-05-12 12:30:00,229 - ERROR - An error occurred while saving image: unknown file extension: 
2024-05-12 12:30:08,586 - ERROR - An error occurred while saving image: unknown file extension: 
2024-05-12 12:30:08,703 - ERROR - An error occurred while saving image: unknown file extension: 
2024-05-12 12:30:17,027 - ERROR - An error occurred while saving image: unknown file extension: 
2024-05-12 12:30:17,172 - ERROR - An error occurred while saving image: unknown file extension: 
2024-05-12 12:30:25,162 - ERROR - An error occurred while saving image: unknown file extension: 
2024-05-12 12:30:25,318 - ERROR - An error occurred while saving image: unknown file extension: 
2024-05-12 12:30:33,482 - ERROR - An error occurred while saving image: unknown file extension: 
2024-05-12 12:30:33,601 - ERROR - An error occurred while saving image: unknown file extension: 
2024-05-12 12:30:41,851 - ERROR - An error occurred while saving image: unknown file extension: 
2024-05-12 12:30:42,153 - ERROR - An error occurred while saving image: unknown file extension: 
2024-05-12 12:30:50,721 - ERROR - An error occurred while saving image: unknown file extension: 
2024-05-12 12:30:50,850 - ERROR - An error occurred while saving image: unknown file extension: 
2024-05-12 12:30:58,894 - ERROR - An error occurred while saving image: unknown file extension: 
2024-05-12 12:30:59,010 - ERROR - An error occurred while saving image: unknown file extension: 
2024-05-12 12:31:07,251 - ERROR - An error occurred while saving image: unknown file extension: 
2024-05-12 12:31:07,549 - ERROR - An error occurred while saving image: unknown file extension: 
2024-05-12 12:31:15,832 - ERROR - An error occurred while saving image: unknown file extension: 
2024-05-12 12:31:15,949 - ERROR - An error occurred while saving image: unknown file extension: 
2024-05-12 12:31:24,119 - ERROR - An error occurred while saving image: unknown file extension: 
2024-05-12 12:31:24,258 - ERROR - An error occurred while saving image: unknown file extension: 
2024-05-12 12:31:32,725 - ERROR - An error occurred while saving image: unknown file extension: 
2024-05-12 12:31:32,838 - ERROR - An error occurred while saving image: unknown file extension: 
2024-05-12 12:31:41,174 - ERROR - An error occurred while saving image: unknown file extension: 
2024-05-12 12:31:41,305 - ERROR - An error occurred while saving image: unknown file extension: 
2024-05-12 12:31:49,238 - ERROR - An error occurred while saving image: unknown file extension: 
2024-05-12 12:31:49,375 - ERROR - An error occurred while saving image: unknown file extension: 
2024-05-12 12:31:57,219 - ERROR - An error occurred while saving image: unknown file extension: 
2024-05-12 12:31:57,367 - ERROR - An error occurred while saving image: unknown file extension: 
2024-05-12 12:32:09,843 - ERROR - An error occurred while saving image: unknown file extension: 
2024-05-12 12:32:09,990 - ERROR - An error occurred while saving image: unknown file extension: 
2024-05-12 12:32:10,498 - ERROR - An error occurred while saving image: unknown file extension: 
2024-05-12 12:32:10,758 - ERROR - An error occurred while saving image: unknown file extension: 
2024-05-12 12:32:11,004 - ERROR - An error occurred while saving image: unknown file extension: 
2024-05-12 12:32:11,265 - ERROR - An error occurred while saving image: unknown file extension: 
2024-05-12 12:32:11,480 - ERROR - An error occurred while saving image: unknown file extension: 
2024-05-12 12:32:11,712 - ERROR - An error occurred while saving image: unknown file extension: 
2024-05-12 12:32:11,930 - ERROR - An error occurred while saving image: unknown file extension: 
2024-05-12 12:32:12,152 - ERROR - An error occurred while saving image: unknown file extension: 
2024-05-12 12:32:12,352 - ERROR - An error occurred while saving image: unknown file extension: 
2024-05-12 12:32:12,559 - ERROR - An error occurred while saving image: unknown file extension: 
2024-05-12 12:32:12,782 - ERROR - An error occurred while saving image: unknown file extension: 
2024-05-12 12:32:13,021 - ERROR - An error occurred while saving image: unknown file extension: 
2024-05-12 12:32:13,277 - ERROR - An error occurred while saving image: unknown file extension: 
2024-05-12 12:32:13,476 - ERROR - An error occurred while saving image: unknown file extension: 
2024-05-12 12:32:13,735 - ERROR - An error occurred while saving image: unknown file extension: 
2024-05-12 12:32:28,190 - ERROR - An error occurred while saving image: unknown file extension: 
2024-05-12 12:32:28,325 - ERROR - An error occurred while saving image: unknown file extension: 
2024-05-12 12:32:36,390 - ERROR - An error occurred while saving image: unknown file extension: 
2024-05-12 12:32:36,511 - ERROR - An error occurred while saving image: unknown file extension: 
2024-05-12 12:32:44,570 - ERROR - An error occurred while saving image: unknown file extension: 
2024-05-12 12:32:44,722 - ERROR - An error occurred while saving image: unknown file extension: 
2024-05-12 12:32:53,358 - ERROR - An error occurred while saving image: unknown file extension: 
2024-05-12 12:32:53,480 - ERROR - An error occurred while saving image: unknown file extension: 
2024-05-12 12:33:01,464 - ERROR - An error occurred while saving image: unknown file extension: 
2024-05-12 12:33:01,587 - ERROR - An error occurred while saving image: unknown file extension: 
2024-05-12 12:33:09,878 - ERROR - An error occurred while saving image: unknown file extension: 
2024-05-12 12:33:10,015 - ERROR - An error occurred while saving image: unknown file extension: 
2024-05-12 12:33:18,406 - ERROR - An error occurred while saving image: unknown file extension: 
2024-05-12 12:33:18,510 - ERROR - An error occurred while saving image: unknown file extension: 
2024-05-12 12:33:26,601 - ERROR - An error occurred while saving image: unknown file extension: 
2024-05-12 12:33:26,755 - ERROR - An error occurred while saving image: unknown file extension: 
2024-05-12 12:33:35,671 - ERROR - An error occurred while saving image: unknown file extension: 
2024-05-12 12:33:35,797 - ERROR - An error occurred while saving image: unknown file extension: 
2024-05-12 12:33:43,956 - ERROR - An error occurred while saving image: unknown file extension: 
2024-05-12 12:33:44,120 - ERROR - An error occurred while saving image: unknown file extension: 
2024-05-12 12:33:52,995 - ERROR - An error occurred while saving image: unknown file extension: 
2024-05-12 12:33:53,122 - ERROR - An error occurred while saving image: unknown file extension: 
2024-05-12 12:34:01,136 - ERROR - An error occurred while saving image: unknown file extension: 
2024-05-12 12:34:01,441 - ERROR - An error occurred while saving image: unknown file extension: 
2024-05-12 12:34:09,491 - ERROR - An error occurred while saving image: unknown file extension: 
2024-05-12 12:34:09,652 - ERROR - An error occurred while saving image: unknown file extension: 
2024-05-12 12:34:17,474 - ERROR - An error occurred: Message: no such window: target window already closed
from unknown error: web view not found
  (Session info: chrome=124.0.6367.155)
Stacktrace:
#0 0x561ea62eedf3 <unknown>
#1 0x561ea5fdd4e7 <unknown>
#2 0x561ea5fb3b7e <unknown>
#3 0x561ea605270d <unknown>
#4 0x561ea60685b6 <unknown>
#5 0x561ea604a1f3 <unknown>
#6 0x561ea601b28a <unknown>
#7 0x561ea601bc5e <unknown>
#8 0x561ea62b311b <unknown>
#9 0x561ea62b706b <unknown>
#10 0x561ea629f231 <unknown>
#11 0x561ea62b7bd2 <unknown>
#12 0x561ea62840ef <unknown>
#13 0x561ea62ddf48 <unknown>
#14 0x561ea62de120 <unknown>
#15 0x561ea62edf44 <unknown>
#16 0x7f2b2899f45c <unknown>

2024-05-12 12:34:19,516 - ERROR - An error occurred while saving image: unknown file extension: 
2024-05-12 12:34:19,621 - ERROR - An error occurred while saving image: unknown file extension: 
2024-05-12 12:34:19,914 - ERROR - An error occurred while saving image: unknown file extension: 
2024-05-12 12:34:20,166 - ERROR - An error occurred while saving image: unknown file extension: 
2024-05-12 12:34:20,416 - ERROR - An error occurred while saving image: unknown file extension: 
2024-05-12 12:34:20,690 - ERROR - An error occurred while saving image: unknown file extension: 
2024-05-12 12:34:20,890 - ERROR - An error occurred while saving image: unknown file extension: 
2024-05-12 12:34:21,138 - ERROR - An error occurred while saving image: unknown file extension: 
2024-05-12 12:34:21,379 - ERROR - An error occurred while saving image: unknown file extension: 
2024-05-12 12:34:21,622 - ERROR - An error occurred while saving image: unknown file extension: 
2024-05-12 12:34:21,801 - ERROR - An error occurred while saving image: unknown file extension: 
2024-05-12 12:34:21,997 - ERROR - An error occurred while saving image: unknown file extension: 
2024-05-12 12:34:22,204 - ERROR - An error occurred while saving image: unknown file extension: 
2024-05-12 12:34:22,452 - ERROR - An error occurred while saving image: unknown file extension: 
2024-05-12 12:34:22,705 - ERROR - An error occurred while saving image: unknown file extension: 
2024-05-12 12:34:22,931 - ERROR - An error occurred while saving image: unknown file extension: 
2024-05-12 12:34:23,181 - ERROR - An error occurred while saving image: unknown file extension: 
2024-05-12 12:34:25,816 - ERROR - An error occurred while saving image: unknown file extension: 
2024-05-12 12:34:25,961 - ERROR - An error occurred while saving image: unknown file extension: 
2024-05-12 12:34:26,072 - ERROR - An error occurred while saving image: unknown file extension: 
2024-05-12 12:34:26,319 - ERROR - An error occurred while saving image: unknown file extension: 
2024-05-12 12:34:26,415 - ERROR - An error occurred while saving image: unknown file extension: 
2024-05-12 12:34:26,543 - ERROR - An error occurred while saving image: unknown file extension: 
2024-05-12 12:34:26,641 - ERROR - An error occurred while saving image: unknown file extension: 
2024-05-12 12:34:26,734 - ERROR - An error occurred while saving image: unknown file extension: 
2024-05-12 12:34:26,809 - ERROR - An error occurred while saving image: unknown file extension: 
2024-05-12 12:34:26,891 - ERROR - An error occurred while saving image: unknown file extension: 
2024-05-12 12:34:27,076 - ERROR - An error occurred while saving image: unknown file extension: 
2024-05-12 12:34:27,167 - ERROR - An error occurred while saving image: unknown file extension: 
2024-05-12 12:34:27,241 - ERROR - An error occurred while saving image: unknown file extension: 
2024-05-12 12:34:27,330 - ERROR - An error occurred while saving image: unknown file extension: 
2024-05-12 12:34:27,462 - ERROR - An error occurred while saving image: unknown file extension: 
2024-05-12 12:34:27,552 - ERROR - An error occurred while saving image: unknown file extension: 
2024-05-12 12:34:27,632 - ERROR - An error occurred while saving image: unknown file extension: 
